<?xml version="1.0" encoding="UTF-8"?>
<testsuite name="com.example.mapsfriends.ExampleUnitTest" tests="1" skipped="0" failures="0" errors="0" timestamp="2025-03-20T19:07:30" hostname="DESKTOP-SB9LTHR" time="0.002">
  <properties/>
  <testcase name="addition_isCorrect" classname="com.example.mapsfriends.ExampleUnitTest" time="0.002"/>
  <system-out><![CDATA[]]></system-out>
  <system-err><![CDATA[]]></system-err>
</testsuite>
